<?xml version="1.0" encoding="UTF-8"?>
<testng-results ignored="0" total="1" passed="1" failed="0" skipped="0">
  <reporter-output>
  </reporter-output>
  <suite started-at="2025-05-13T11:29:34 AEST" name="Selenium Automation Suite" finished-at="2025-05-13T11:30:03 AEST" duration-ms="29395">
    <groups>
    </groups>
    <test started-at="2025-05-13T11:29:34 AEST" name="Login Functionality Tests" finished-at="2025-05-13T11:30:03 AEST" duration-ms="29395">
      <class name="MadhuTestingWorld.ExtentReports.LoginTest">
        <test-method signature="testValidLogin()[pri:0, instance:MadhuTestingWorld.ExtentReports.LoginTest@1ddf84b8]" started-at="2025-05-13T11:29:35 AEST" name="testValidLogin" description="Valid login with registered user credentials" finished-at="2025-05-13T11:29:59 AEST" duration-ms="24170" status="PASS">
          <reporter-output>
          </reporter-output>
        </test-method> <!-- testValidLogin -->
      </class> <!-- MadhuTestingWorld.ExtentReports.LoginTest -->
    </test> <!-- Login Functionality Tests -->
  </suite> <!-- Selenium Automation Suite -->
</testng-results>
